0 info it worked if it ends with ok
1 verbose cli [ 'C:\\Program Files\\nodejs\\node.exe',
1 verbose cli   'C:\\Program Files\\nodejs\\node_modules\\npm\\bin\\npm-cli.js',
1 verbose cli   'install',
1 verbose cli   'cake' ]
2 info using npm@1.1.63
3 info using node@v0.8.12
4 verbose read json C:\Users\Daniel\Documents\package.json
5 verbose read json C:\Users\Daniel\Documents\node_modules\coffee-script\package.json
6 verbose read json C:\Users\Daniel\Documents\node_modules\jade\package.json
7 verbose read json C:\Users\Daniel\Documents\package.json
8 verbose cache add [ 'cake', null ]
9 silly cache add name=undefined spec="cake" args=["cake",null]
10 verbose parsed url { pathname: 'cake', path: 'cake', href: 'cake' }
11 silly lockFile 5ddc2ae1-cake cake
12 verbose lock cake C:\Users\Daniel\AppData\Roaming\npm-cache\5ddc2ae1-cake.lock
13 silly lockFile 5ddc2ae1-cake cake
14 verbose addNamed [ 'cake', '' ]
15 verbose addNamed [ null, '' ]
16 silly lockFile 2174a64b-cake cake@
17 verbose lock cake@ C:\Users\Daniel\AppData\Roaming\npm-cache\2174a64b-cake.lock
18 silly addNameRange { name: 'cake', range: '', hasData: false }
19 verbose url raw cake
20 verbose url resolving [ 'https://registry.npmjs.org/', './cake' ]
21 verbose url resolved https://registry.npmjs.org/cake
22 info trying registry request attempt 1 at 19:05:35
23 http GET https://registry.npmjs.org/cake
24 http 404 https://registry.npmjs.org/cake
25 silly registry.get cb [ 404,
25 silly registry.get   { server: 'CouchDB/1.2.0 (Erlang OTP/R15B)',
25 silly registry.get     date: 'Tue, 16 Oct 2012 23:05:46 GMT',
25 silly registry.get     'content-type': 'application/json',
25 silly registry.get     'content-length': '52',
25 silly registry.get     'cache-control': 'must-revalidate' } ]
26 silly lockFile 2174a64b-cake cake@
27 error 404 'cake' is not in the npm registry.
27 error 404 You should bug the author to publish it
27 error 404
27 error 404 Note that you can also install from a
27 error 404 tarball, folder, or http url, or git url.
28 error System Windows_NT 6.1.7601
29 error command "C:\\Program Files\\nodejs\\node.exe" "C:\\Program Files\\nodejs\\node_modules\\npm\\bin\\npm-cli.js" "install" "cake"
30 error cwd C:\Users\Daniel\Documents\projects\newtask
31 error node -v v0.8.12
32 error npm -v 1.1.63
33 error code E404
34 verbose exit [ 1, true ]
